<?xml version="1.0" encoding="UTF-8"?>
<testng-results ignored="0" total="2" passed="2" failed="0" skipped="0">
  <reporter-output>
  </reporter-output>
  <suite started-at="2024-01-06T07:35:37 IST" name="Suite" finished-at="2024-01-06T07:35:57 IST" duration-ms="19799">
    <groups>
    </groups>
    <test started-at="2024-01-06T07:35:37 IST" name="Test" finished-at="2024-01-06T07:35:57 IST" duration-ms="19799">
      <class name="com.Swaglabs.TestCase.OverViewTest">
        <test-method is-config="true" signature="setUpBrowser()[pri:0, instance:com.Swaglabs.TestCase.OverViewTest@223d2c72]" started-at="2024-01-06T07:35:37 IST" name="setUpBrowser" finished-at="2024-01-06T07:35:44 IST" duration-ms="6729" status="PASS">
          <reporter-output>
          </reporter-output>
        </test-method> <!-- setUpBrowser -->
        <test-method is-config="true" signature="SetUp()[pri:0, instance:com.Swaglabs.TestCase.OverViewTest@223d2c72]" started-at="2024-01-06T07:35:44 IST" name="SetUp" finished-at="2024-01-06T07:35:56 IST" duration-ms="12610" status="PASS">
          <reporter-output>
          </reporter-output>
        </test-method> <!-- SetUp -->
        <test-method signature="verifySummary()[pri:1, instance:com.Swaglabs.TestCase.OverViewTest@223d2c72]" started-at="2024-01-06T07:35:56 IST" name="verifySummary" finished-at="2024-01-06T07:35:57 IST" duration-ms="220" status="PASS">
          <reporter-output>
          </reporter-output>
        </test-method> <!-- verifySummary -->
        <test-method signature="finish()[pri:2, instance:com.Swaglabs.TestCase.OverViewTest@223d2c72]" started-at="2024-01-06T07:35:57 IST" name="finish" finished-at="2024-01-06T07:35:57 IST" duration-ms="148" status="PASS">
          <reporter-output>
          </reporter-output>
        </test-method> <!-- finish -->
      </class> <!-- com.Swaglabs.TestCase.OverViewTest -->
    </test> <!-- Test -->
  </suite> <!-- Suite -->
</testng-results>
